2025-12-15 16:53:21, MOVE, v:1, k:local@questão1, mode:PICK
2025-12-15 16:54:13, MOVE, v:1, k:local@questão1, mode:BACK
2025-12-15 16:54:27, MOVE, v:1, k:local@questão1, mode:PICK
2025-12-15 16:54:30, MOVE, v:1, k:local@questão1, mode:BACK
2025-12-15 16:54:50, MOVE, v:1, k:local@questão1, mode:PICK
2025-12-15 16:55:01, MOVE, v:1, k:local@questão1, mode:BACK
2025-12-15 16:55:05, MOVE, v:1, k:local@questão1, mode:PICK
2025-12-15 17:22:17, EXEC, v:1, k:local@questão1, mode:FULL, size:152, fail:COMP
2025-12-15 17:22:56, EXEC, v:1, k:local@questão1, mode:FULL, size:152, fail:COMP
2025-12-15 17:23:27, EXEC, v:1, k:local@questão1, mode:FULL, size:152, fail:COMP
2025-12-15 17:25:06, MOVE, v:1, k:local@questão1, mode:BACK
2025-12-15 17:25:08, MOVE, v:1, k:local@questão1, mode:PICK
2025-12-15 17:25:34, MOVE, v:1, k:local@questão1, mode:BACK
2025-12-15 17:25:37, MOVE, v:1, k:local@questão1, mode:PICK
2025-12-15 17:26:00, EXEC, v:1, k:local@questão1, mode:FULL, size:152, fail:COMP
2025-12-15 17:33:47, EXEC, v:1, k:local@questão1, mode:FULL, size:151, fail:COMP
2025-12-15 17:34:05, MOVE, v:1, k:local@questão1, mode:PICK
2025-12-15 17:34:39, EXEC, v:1, k:local@questão1, mode:FULL, size:152, fail:COMP
2025-12-15 17:35:18, EXEC, v:1, k:local@questão1, mode:FULL, size:152, fail:COMP
2025-12-15 17:38:30, EXEC, v:1, k:local@questão1, mode:FULL, size:153, fail:COMP
2025-12-15 17:38:43, EXEC, v:1, k:local@questão1, mode:FULL, size:152, fail:COMP
2025-12-15 17:39:00, EXEC, v:1, k:local@questão1, mode:FULL, size:152, fail:COMP
2025-12-15 17:39:15, EXEC, v:1, k:local@questão1, mode:FULL, size:152, fail:COMP
2025-12-15 17:40:13, EXEC, v:1, k:local@questão1, mode:FULL, size:152, fail:COMP
2025-12-15 17:41:26, EXEC, v:1, k:local@questão1, mode:FULL, size:152, fail:COMP
2025-12-15 17:42:23, EXEC, v:1, k:local@questão1, mode:FULL, size:152, fail:COMP
2025-12-15 17:42:32, EXEC, v:1, k:local@questão1, mode:FULL, size:152, fail:COMP
2025-12-15 17:42:58, MOVE, v:1, k:local@questão1, mode:PICK
2025-12-15 17:43:03, EXEC, v:1, k:local@questão1, mode:FULL, fail:COMP
2025-12-15 17:43:35, EXEC, v:1, k:local@questão1, mode:FULL, size:151, fail:COMP
2025-12-15 17:44:09, EXEC, v:1, k:local@questão1, mode:FULL, size:152, fail:COMP
2025-12-15 17:45:22, EXEC, v:1, k:local@questão1, mode:FULL, size:152, fail:COMP
2025-12-15 17:45:44, EXEC, v:1, k:local@questão1, mode:FULL, size:152, fail:COMP
2025-12-15 17:45:58, EXEC, v:1, k:local@questão1, mode:FULL, size:152, fail:COMP
2025-12-15 17:47:43, EXEC, v:1, k:local@questão1, mode:FULL, rate:100, size:152
2025-12-15 17:53:32, EXEC, v:1, k:local@questão1, mode:FULL, rate:100
2025-12-15 17:55:22, EXEC, v:1, k:local@questão1, mode:FULL, rate:100
2025-12-15 17:55:50, EXEC, v:1, k:local@questão1, mode:FULL, rate:100
2025-12-15 18:01:52, EXEC, v:1, k:local@questão1, mode:FULL, rate:100
2025-12-15 18:12:40, EXEC, v:1, k:local@questão1, mode:FULL, rate:100
2025-12-15 18:12:59, EXEC, v:1, k:local@questão1, mode:FULL, rate:100
2025-12-15 18:13:09, MOVE, v:1, k:local@questão1, mode:BACK
2025-12-15 18:13:12, MOVE, v:1, k:local@questão2, mode:PICK
2025-12-15 18:13:13, EXEC, v:1, k:local@questão2, mode:FULL, size:159, fail:COMP
2025-12-15 18:15:11, EXEC, v:1, k:local@questão2, mode:FULL, size:159, fail:COMP
2025-12-15 18:15:27, EXEC, v:1, k:local@questão2, mode:FULL, size:159, fail:COMP
2025-12-15 18:15:44, EXEC, v:1, k:local@questão2, mode:FULL, size:159, fail:COMP
2025-12-15 18:15:54, EXEC, v:1, k:local@questão2, mode:FULL, size:159, fail:COMP
2025-12-15 18:16:20, EXEC, v:1, k:local@questão2, mode:FULL, size:159, fail:COMP
2025-12-15 18:16:35, EXEC, v:1, k:local@questão2, mode:FULL, size:159, fail:COMP
2025-12-15 18:16:40, EXEC, v:1, k:local@questão2, mode:FULL, size:159, fail:COMP
2025-12-15 18:16:44, EXEC, v:1, k:local@questão2, mode:FULL, size:159, fail:COMP
2025-12-15 18:16:57, EXEC, v:1, k:local@questão2, mode:FULL, size:159, fail:COMP
2025-12-15 18:17:26, EXEC, v:1, k:local@questão2, mode:FULL, size:159, fail:COMP
2025-12-15 18:17:38, MOVE, v:1, k:local@questão2, mode:PICK
2025-12-15 18:17:55, EXEC, v:1, k:local@questão2, mode:FULL, size:159, fail:COMP
2025-12-15 18:18:45, EXEC, v:1, k:local@questão2, mode:FULL, size:159, fail:COMP
2025-12-15 18:19:16, EXEC, v:1, k:local@questão2, mode:FULL, size:159, fail:COMP
2025-12-15 18:19:34, MOVE, v:1, k:local@questão2, mode:PICK
2025-12-15 18:19:36, EXEC, v:1, k:local@questão2, mode:FULL, size:159, fail:COMP
2025-12-15 18:20:16, MOVE, v:1, k:local@questão2, mode:PICK
2025-12-15 18:22:39, EXEC, v:1, k:local@questão2, mode:FULL, size:164, fail:COMP
2025-12-15 18:22:51, EXEC, v:1, k:local@questão2, mode:FULL, size:164, fail:COMP
2025-12-15 18:22:59, EXEC, v:1, k:local@questão2, mode:FULL, size:164, fail:COMP
2025-12-15 18:23:06, EXEC, v:1, k:local@questão2, mode:FULL, size:164, fail:COMP
2025-12-15 18:27:02, EXEC, v:1, k:local@questão2, mode:FULL, size:164, fail:COMP
2025-12-15 18:27:21, EXEC, v:1, k:local@questão2, mode:FULL, size:164, fail:COMP
2025-12-15 18:27:36, EXEC, v:1, k:local@questão2, mode:FULL, size:164, fail:COMP
2025-12-15 18:28:18, EXEC, v:1, k:local@questão2, mode:FULL, rate:100, size:164
2025-12-15 18:29:07, MOVE, v:1, k:local@questão2, mode:BACK
